<?xml version="1.0" encoding="UTF-8"?>
<!-- Generated by org.testng.reporters.JUnitReportReporter -->
<testsuite hostname="slt-ptc-11" failures="0" tests="1" name="pl.luxoft.selenium.FirstSeleniumTest" time="7.788" errors="0" timestamp="04 Oct 2019 14:29:26 GMT" skipped="0">
  <testcase classname="pl.luxoft.selenium.FirstSeleniumTest" name="searchResultsPageTableHeaderContainSearchQueryPOTest" time="7.788"/>
</testsuite> <!-- pl.luxoft.selenium.FirstSeleniumTest -->
